{"level":"info","message":"connected to database","timestamp":"2026-02-20T10:53:38.424Z"}
{"level":"info","message":"server running on port no. 3000","timestamp":"2026-02-20T10:53:38.434Z"}
2026-02-20T10:56:02.098Z [[32minfo[39m]: connected to database
2026-02-20T10:56:02.111Z [[32minfo[39m]: server running on port no. 3000
{"level":"info","message":"connected to database","timestamp":"2026-02-20T11:05:12.107Z"}
{"level":"info","message":"server running on port no. 3000","timestamp":"2026-02-20T11:05:12.125Z"}
{"level":"info","message":"connected to database","timestamp":"2026-02-20T11:06:10.461Z"}
{"level":"info","message":"server running on port no. 3000","timestamp":"2026-02-20T11:06:10.479Z"}
{"level":"info","message":"connected to database","timestamp":"2026-02-20T11:07:27.792Z"}
{"level":"info","message":"server running on port no. 3000","timestamp":"2026-02-20T11:07:27.808Z"}
2026-02-20T11:08:26.332Z [[32minfo[39m]: connected to database
2026-02-20T11:08:26.347Z [[32minfo[39m]: server running on port no. 3000
2026-02-20T12:32:10.523Z [[32minfo[39m]: connected to database
2026-02-20T12:32:10.531Z [[32minfo[39m]: server running on port no. 3000
2026-02-21T19:38:17.341Z [[32minfo[39m]: connected to database
2026-02-21T19:38:17.350Z [[32minfo[39m]: server running on port no. 3000
2026-02-21T19:48:17.822Z [[32minfo[39m]: ::1 - - [21/Feb/2026:19:48:17 +0000] "POST /api/v1/auth/register HTTP/1.1" 500 50 "-" "PostmanRuntime/7.51.0"
2026-02-21T19:53:57.446Z [[32minfo[39m]: connected to database
2026-02-21T19:53:57.463Z [[32minfo[39m]: server running on port no. 3000
2026-02-21T19:54:03.865Z [[32minfo[39m]: ::1 - - [21/Feb/2026:19:54:03 +0000] "POST /api/v1/auth/register HTTP/1.1" 500 50 "-" "PostmanRuntime/7.51.0"
2026-02-21T19:54:35.789Z [[32minfo[39m]: connected to database
2026-02-21T19:54:35.803Z [[32minfo[39m]: server running on port no. 3000
2026-02-21T20:02:55.631Z [[32minfo[39m]: ::1 - - [21/Feb/2026:20:02:55 +0000] "POST /api/v1/auth/register HTTP/1.1" 500 50 "-" "PostmanRuntime/7.51.0"
2026-02-22T08:01:30.769Z [[32minfo[39m]: connected to database
2026-02-22T08:01:30.781Z [[32minfo[39m]: server running on port no. 3000
2026-02-22T08:01:44.495Z [[32minfo[39m]: ::1 - - [22/Feb/2026:08:01:44 +0000] "POST /api/v1/auth/register HTTP/1.1" 500 50 "-" "PostmanRuntime/7.51.0"
2026-02-22T08:05:26.003Z [[32minfo[39m]: connected to database
2026-02-22T08:05:26.027Z [[32minfo[39m]: server running on port no. 3000
2026-02-22T08:07:45.884Z [[32minfo[39m]: connected to database
2026-02-22T08:07:45.911Z [[32minfo[39m]: server running on port no. 3000
2026-02-22T08:08:10.018Z [[32minfo[39m]: ::1 - - [22/Feb/2026:08:08:10 +0000] "POST /api/v1/auth/register HTTP/1.1" 409 49 "-" "PostmanRuntime/7.51.0"
2026-02-22T08:19:09.125Z [[32minfo[39m]: ::1 - - [22/Feb/2026:08:19:09 +0000] "POST /api/v1/auth/register HTTP/1.1" 500 50 "-" "PostmanRuntime/7.51.0"
2026-02-22T08:20:39.614Z [[32minfo[39m]: connected to database
2026-02-22T08:20:39.641Z [[32minfo[39m]: server running on port no. 3000
2026-02-22T08:20:54.957Z [[32minfo[39m]: ::1 - - [22/Feb/2026:08:20:54 +0000] "POST /api/v1/auth/register HTTP/1.1" 500 50 "-" "PostmanRuntime/7.51.0"
2026-02-22T08:25:03.726Z [[32minfo[39m]: connected to database
2026-02-22T08:25:03.750Z [[32minfo[39m]: server running on port no. 3000
2026-02-22T08:27:38.432Z [[32minfo[39m]: connected to database
2026-02-22T08:27:38.453Z [[32minfo[39m]: server running on port no. 3000
2026-02-22T08:27:53.046Z [[32minfo[39m]: ::1 - - [22/Feb/2026:08:27:53 +0000] "POST /api/v1/auth/register HTTP/1.1" 500 50 "-" "PostmanRuntime/7.51.0"
2026-02-22T08:34:33.938Z [[32minfo[39m]: connected to database
2026-02-22T08:34:33.962Z [[32minfo[39m]: server running on port no. 3000
2026-02-22T08:35:10.453Z [[32minfo[39m]: ::1 - - [22/Feb/2026:08:35:10 +0000] "POST /api/v1/auth/register HTTP/1.1" 500 50 "-" "PostmanRuntime/7.51.0"
2026-02-22T08:40:26.097Z [[32minfo[39m]: connected to database
2026-02-22T08:40:26.118Z [[32minfo[39m]: server running on port no. 3000
2026-02-22T08:41:11.978Z [[32minfo[39m]: ::1 - - [22/Feb/2026:08:41:11 +0000] "POST /api/v1/auth/register HTTP/1.1" 201 529 "-" "PostmanRuntime/7.51.0"
2026-02-22T08:47:35.809Z [[32minfo[39m]: ::1 - - [22/Feb/2026:08:47:35 +0000] "POST /api/v1/auth/register HTTP/1.1" 400 64 "-" "PostmanRuntime/7.51.0"
2026-02-22T08:47:50.943Z [[32minfo[39m]: ::1 - - [22/Feb/2026:08:47:50 +0000] "POST /api/v1/auth/register HTTP/1.1" 400 50 "-" "PostmanRuntime/7.51.0"
2026-02-22T08:48:02.314Z [[32minfo[39m]: ::1 - - [22/Feb/2026:08:48:02 +0000] "POST /api/v1/auth/register HTTP/1.1" 409 49 "-" "PostmanRuntime/7.51.0"
2026-02-22T08:48:17.051Z [[32minfo[39m]: ::1 - - [22/Feb/2026:08:48:17 +0000] "POST /api/v1/auth/register HTTP/1.1" 400 68 "-" "PostmanRuntime/7.51.0"
2026-02-22T08:48:53.931Z [[32minfo[39m]: ::1 - - [22/Feb/2026:08:48:53 +0000] "POST /api/v1/auth/register HTTP/1.1" 400 99 "-" "PostmanRuntime/7.51.0"
2026-02-22T08:55:10.340Z [[32minfo[39m]: ::1 - - [22/Feb/2026:08:55:10 +0000] "POST /api/v1/auth/verifyOtp HTTP/1.1" 404 161 "-" "PostmanRuntime/7.51.0"
2026-02-22T08:56:42.368Z [[32minfo[39m]: ::1 - - [22/Feb/2026:08:56:42 +0000] "POST /api/v1/auth/verifyOtp HTTP/1.1" 404 161 "-" "PostmanRuntime/7.51.0"
2026-02-22T08:56:59.206Z [[32minfo[39m]: connected to database
2026-02-22T08:56:59.218Z [[32minfo[39m]: server running on port no. 3000
2026-02-22T08:57:21.507Z [[32minfo[39m]: ::1 - - [22/Feb/2026:08:57:21 +0000] "POST /api/v1/auth/verifyOtp HTTP/1.1" 400 41 "-" "PostmanRuntime/7.51.0"
2026-02-22T08:58:32.476Z [[32minfo[39m]: ::1 - - [22/Feb/2026:08:58:32 +0000] "POST /api/v1/auth/register HTTP/1.1" 201 529 "-" "PostmanRuntime/7.51.0"
2026-02-22T08:59:16.301Z [[32minfo[39m]: ::1 - - [22/Feb/2026:08:59:16 +0000] "POST /api/v1/auth/verifyOtp HTTP/1.1" 200 58 "-" "PostmanRuntime/7.51.0"
2026-02-22T09:10:21.237Z [[32minfo[39m]: connected to database
2026-02-22T09:10:21.261Z [[32minfo[39m]: server running on port no. 3000
2026-02-22T09:10:26.652Z [[32minfo[39m]: ::1 - - [22/Feb/2026:09:10:26 +0000] "POST /api/v1/auth/register HTTP/1.1" 500 50 "-" "PostmanRuntime/7.51.0"
2026-02-22T09:11:24.003Z [[32minfo[39m]: connected to database
2026-02-22T09:11:24.016Z [[32minfo[39m]: server running on port no. 3000
2026-02-22T09:11:34.303Z [[32minfo[39m]: ::1 - - [22/Feb/2026:09:11:34 +0000] "POST /api/v1/auth/register HTTP/1.1" 201 513 "-" "PostmanRuntime/7.51.0"
2026-02-22T09:13:07.295Z [[32minfo[39m]: ::1 - - [22/Feb/2026:09:13:07 +0000] "POST /api/v1/auth/verifyOtp HTTP/1.1" 200 58 "-" "PostmanRuntime/7.51.0"
2026-02-22T11:25:26.231Z [[32minfo[39m]: ::1 - - [22/Feb/2026:11:25:26 +0000] "POST /api/v1/auth/register HTTP/1.1" 409 49 "-" "PostmanRuntime/7.51.0"
2026-02-22T11:25:38.505Z [[32minfo[39m]: ::1 - - [22/Feb/2026:11:25:38 +0000] "POST /api/v1/auth/register HTTP/1.1" 500 50 "-" "PostmanRuntime/7.51.0"
2026-02-22T11:26:58.181Z [[32minfo[39m]: ::1 - - [22/Feb/2026:11:26:58 +0000] "POST /api/v1/auth/register HTTP/1.1" 201 514 "-" "PostmanRuntime/7.51.0"
2026-02-22T11:28:30.491Z [[32minfo[39m]: ::1 - - [22/Feb/2026:11:28:30 +0000] "POST /api/v1/auth/verifyOtp HTTP/1.1" 400 41 "-" "PostmanRuntime/7.51.0"
2026-02-22T11:28:48.741Z [[32minfo[39m]: ::1 - - [22/Feb/2026:11:28:48 +0000] "POST /api/v1/auth/verifyOtp HTTP/1.1" 200 58 "-" "PostmanRuntime/7.51.0"
2026-02-23T12:27:52.360Z [[32minfo[39m]: connected to database
2026-02-23T12:27:52.387Z [[32minfo[39m]: server running on port no. 3000
2026-02-23T12:30:36.479Z [[32minfo[39m]: ::1 - - [23/Feb/2026:12:30:36 +0000] "POST /api/v1/auth/register HTTP/1.1" 400 46 "-" "PostmanRuntime/7.51.1"
2026-02-23T12:31:01.214Z [[32minfo[39m]: ::1 - - [23/Feb/2026:12:31:01 +0000] "POST /api/v1/auth/register HTTP/1.1" 500 50 "-" "PostmanRuntime/7.51.1"
2026-02-23T12:36:53.021Z [[32minfo[39m]: connected to database
2026-02-23T12:36:53.053Z [[32minfo[39m]: server running on port no. 3000
2026-02-23T12:37:22.528Z [[32minfo[39m]: ::1 - - [23/Feb/2026:12:37:22 +0000] "POST /api/v1/auth/register HTTP/1.1" 201 513 "-" "PostmanRuntime/7.51.1"
2026-02-23T12:38:22.758Z [[32minfo[39m]: ::1 - - [23/Feb/2026:12:38:22 +0000] "POST /api/v1/auth/verifyOtp HTTP/1.1" 400 41 "-" "PostmanRuntime/7.51.1"
2026-02-23T12:38:33.479Z [[32minfo[39m]: ::1 - - [23/Feb/2026:12:38:33 +0000] "POST /api/v1/auth/verifyOtp HTTP/1.1" 400 41 "-" "PostmanRuntime/7.51.1"
2026-02-23T12:38:46.692Z [[32minfo[39m]: ::1 - - [23/Feb/2026:12:38:46 +0000] "POST /api/v1/auth/verifyOtp HTTP/1.1" 200 58 "-" "PostmanRuntime/7.51.1"
2026-02-23T12:56:05.401Z [[32minfo[39m]: ::1 - - [23/Feb/2026:12:56:05 +0000] "POST /api/v1/auth/register HTTP/1.1" 201 513 "-" "PostmanRuntime/7.51.1"
2026-02-23T12:56:38.411Z [[32minfo[39m]: ::1 - - [23/Feb/2026:12:56:38 +0000] "POST /api/v1/auth/verifyOtp HTTP/1.1" 200 58 "-" "PostmanRuntime/7.51.1"
2026-02-23T13:24:37.654Z [[32minfo[39m]: ::1 - - [23/Feb/2026:13:24:37 +0000] "POST /api/v1/auth/login HTTP/1.1" 404 157 "-" "PostmanRuntime/7.51.1"
2026-02-23T13:25:58.583Z [[32minfo[39m]: connected to database
2026-02-23T13:25:58.608Z [[32minfo[39m]: server running on port no. 3000
2026-02-23T13:26:16.728Z [[32minfo[39m]: ::1 - - [23/Feb/2026:13:26:16 +0000] "POST /api/v1/auth/login HTTP/1.1" 200 444 "-" "PostmanRuntime/7.51.1"
2026-02-23T13:27:18.551Z [[32minfo[39m]: ::1 - - [23/Feb/2026:13:27:18 +0000] "POST /api/v1/auth/login HTTP/1.1" 403 62 "-" "PostmanRuntime/7.51.1"
2026-02-23T13:27:52.620Z [[32minfo[39m]: ::1 - - [23/Feb/2026:13:27:52 +0000] "POST /api/v1/auth/login HTTP/1.1" 403 62 "-" "PostmanRuntime/7.51.1"
2026-02-23T13:28:04.734Z [[32minfo[39m]: ::1 - - [23/Feb/2026:13:28:04 +0000] "POST /api/v1/auth/resendOtp HTTP/1.1" 200 52 "-" "PostmanRuntime/7.51.1"
2026-02-23T13:28:49.971Z [[32minfo[39m]: ::1 - - [23/Feb/2026:13:28:49 +0000] "POST /api/v1/auth/resendOtp HTTP/1.1" 200 52 "-" "PostmanRuntime/7.51.1"
2026-02-23T13:30:53.937Z [[32minfo[39m]: ::1 - - [23/Feb/2026:13:30:53 +0000] "POST /api/v1/auth/verifyOtp HTTP/1.1" 400 41 "-" "PostmanRuntime/7.51.1"
2026-02-23T13:31:31.891Z [[32minfo[39m]: ::1 - - [23/Feb/2026:13:31:31 +0000] "POST /api/v1/auth/resendOtp HTTP/1.1" 200 52 "-" "PostmanRuntime/7.51.1"
2026-02-23T13:31:55.747Z [[32minfo[39m]: ::1 - - [23/Feb/2026:13:31:55 +0000] "POST /api/v1/auth/verifyOtp HTTP/1.1" 200 58 "-" "PostmanRuntime/7.51.1"
2026-02-23T13:51:14.530Z [[32minfo[39m]: ::1 - - [23/Feb/2026:13:51:14 +0000] "POST /api/v1/auth/register HTTP/1.1" 409 49 "-" "PostmanRuntime/7.51.1"
2026-02-23T16:01:41.920Z [[32minfo[39m]: ::1 - - [23/Feb/2026:16:01:41 +0000] "POST /api/v1/auth/register HTTP/1.1" 500 50 "-" "PostmanRuntime/7.51.1"
2026-02-23T16:02:33.375Z [[32minfo[39m]: connected to database
2026-02-23T16:02:33.390Z [[32minfo[39m]: server running on port no. 3000
2026-02-23T16:02:39.063Z [[32minfo[39m]: ::1 - - [23/Feb/2026:16:02:39 +0000] "POST /api/v1/auth/register HTTP/1.1" 500 50 "-" "PostmanRuntime/7.51.1"
2026-02-23T16:11:05.036Z [[32minfo[39m]: ::1 - - [23/Feb/2026:16:11:05 +0000] "POST /api/v1/auth/register HTTP/1.1" 500 50 "-" "PostmanRuntime/7.51.1"
2026-02-23T16:12:29.375Z [[32minfo[39m]: ::1 - - [23/Feb/2026:16:12:29 +0000] "POST /api/v1/auth/register HTTP/1.1" 500 50 "-" "PostmanRuntime/7.51.1"
2026-02-23T16:16:22.178Z [[32minfo[39m]: ::1 - - [23/Feb/2026:16:16:22 +0000] "POST /api/v1/auth/register HTTP/1.1" 500 50 "-" "PostmanRuntime/7.51.1"
2026-02-23T16:25:45.480Z [[32minfo[39m]: ::1 - - [23/Feb/2026:16:25:45 +0000] "POST /api/v1/auth/register HTTP/1.1" 500 50 "-" "PostmanRuntime/7.51.1"
2026-02-23T16:27:56.572Z [[31merror[39m]: error:  Server selection timed out after 30000 ms
2026-02-23T16:30:43.994Z [[31merror[39m]: error:  Server selection timed out after 30000 ms
2026-02-23T16:33:13.000Z [[32minfo[39m]: connected to database
2026-02-23T16:33:13.010Z [[32minfo[39m]: server running on port no. 3000
2026-02-23T16:33:30.348Z [[32minfo[39m]: ::1 - - [23/Feb/2026:16:33:30 +0000] "POST /api/v1/auth/register HTTP/1.1" 500 50 "-" "PostmanRuntime/7.51.1"
2026-02-23T16:35:47.051Z [[32minfo[39m]: connected to database
2026-02-23T16:35:47.064Z [[32minfo[39m]: server running on port no. 3000
2026-02-23T16:36:02.213Z [[32minfo[39m]: ::1 - - [23/Feb/2026:16:36:02 +0000] "POST /api/v1/auth/register HTTP/1.1" 500 50 "-" "PostmanRuntime/7.51.1"
2026-02-23T16:39:11.342Z [[32minfo[39m]: connected to database
2026-02-23T16:39:11.351Z [[32minfo[39m]: server running on port no. 3000
2026-02-23T16:39:16.755Z [[32minfo[39m]: ::1 - - [23/Feb/2026:16:39:16 +0000] "POST /api/v1/auth/register HTTP/1.1" 500 50 "-" "PostmanRuntime/7.51.1"
2026-02-23T16:42:49.260Z [[32minfo[39m]: connected to database
2026-02-23T16:42:49.266Z [[32minfo[39m]: server running on port no. 3000
2026-02-23T16:42:55.057Z [[32minfo[39m]: ::1 - - [23/Feb/2026:16:42:55 +0000] "POST /api/v1/auth/register HTTP/1.1" 500 50 "-" "PostmanRuntime/7.51.1"
2026-02-23T16:43:55.200Z [[32minfo[39m]: connected to database
2026-02-23T16:43:55.212Z [[32minfo[39m]: server running on port no. 3000
2026-02-23T16:44:12.211Z [[32minfo[39m]: connected to database
2026-02-23T16:44:12.218Z [[32minfo[39m]: server running on port no. 3000
2026-02-23T16:44:16.554Z [[32minfo[39m]: ::1 - - [23/Feb/2026:16:44:16 +0000] "POST /api/v1/auth/register HTTP/1.1" 409 67 "-" "PostmanRuntime/7.51.1"
2026-02-23T16:45:41.433Z [[32minfo[39m]: ::1 - - [23/Feb/2026:16:45:41 +0000] "POST /api/v1/auth/register HTTP/1.1" 400 69 "-" "PostmanRuntime/7.51.1"
2026-02-23T16:46:30.611Z [[32minfo[39m]: ::1 - - [23/Feb/2026:16:46:30 +0000] "POST /api/v1/auth/register HTTP/1.1" 400 88 "-" "PostmanRuntime/7.51.1"
2026-02-23T16:47:21.492Z [[32minfo[39m]: ::1 - - [23/Feb/2026:16:47:21 +0000] "POST /api/v1/auth/register HTTP/1.1" 400 88 "-" "PostmanRuntime/7.51.1"
2026-02-23T16:48:23.103Z [[32minfo[39m]: ::1 - - [23/Feb/2026:16:48:23 +0000] "POST /api/v1/auth/register HTTP/1.1" 409 67 "-" "PostmanRuntime/7.51.1"
2026-02-23T16:49:01.444Z [[32minfo[39m]: ::1 - - [23/Feb/2026:16:49:01 +0000] "POST /api/v1/auth/register HTTP/1.1" 409 67 "-" "PostmanRuntime/7.51.1"
2026-02-23T16:51:01.215Z [[31merror[39m]: error:  read ECONNRESET
2026-02-23T16:51:34.827Z [[32minfo[39m]: connected to database
2026-02-23T16:51:34.836Z [[32minfo[39m]: server running on port no. 3000
2026-02-23T16:51:40.892Z [[32minfo[39m]: ::1 - - [23/Feb/2026:16:51:40 +0000] "POST /api/v1/auth/register HTTP/1.1" 409 67 "-" "PostmanRuntime/7.51.1"
2026-02-23T16:52:48.949Z [[32minfo[39m]: ::1 - - [23/Feb/2026:16:52:48 +0000] "POST /api/v1/auth/register HTTP/1.1" 409 67 "-" "PostmanRuntime/7.51.1"
2026-02-23T16:53:49.011Z [[32minfo[39m]: connected to database
2026-02-23T16:53:49.018Z [[32minfo[39m]: server running on port no. 3000
2026-02-23T16:54:21.160Z [[32minfo[39m]: ::1 - - [23/Feb/2026:16:54:21 +0000] "POST /api/v1/auth/register HTTP/1.1" 201 505 "-" "PostmanRuntime/7.51.1"
2026-02-23T16:57:21.391Z [[32minfo[39m]: ::1 - - [23/Feb/2026:16:57:21 +0000] "POST /api/v1/auth/verifyOtp HTTP/1.1" 400 41 "-" "PostmanRuntime/7.51.1"
2026-02-23T16:57:47.514Z [[32minfo[39m]: ::1 - - [23/Feb/2026:16:57:47 +0000] "POST /api/v1/auth/verifyOtp HTTP/1.1" 200 58 "-" "PostmanRuntime/7.51.1"
2026-02-23T17:01:29.456Z [[32minfo[39m]: ::1 - - [23/Feb/2026:17:01:29 +0000] "POST /api/v1/auth/register HTTP/1.1" 409 64 "-" "PostmanRuntime/7.51.1"
2026-02-23T17:03:14.885Z [[32minfo[39m]: ::1 - - [23/Feb/2026:17:03:14 +0000] "POST /api/v1/auth/register HTTP/1.1" 201 505 "-" "PostmanRuntime/7.51.1"
2026-02-23T17:04:14.286Z [[32minfo[39m]: ::1 - - [23/Feb/2026:17:04:14 +0000] "POST /api/v1/auth/register HTTP/1.1" 200 83 "-" "PostmanRuntime/7.51.1"
2026-02-23T17:30:25.887Z [[32minfo[39m]: connected to database
2026-02-23T17:30:25.895Z [[32minfo[39m]: server running on port no. 3000
2026-02-23T17:30:36.516Z [[32minfo[39m]: ::1 - - [23/Feb/2026:17:30:36 +0000] "POST /api/v1/auth/register HTTP/1.1" 500 50 "-" "PostmanRuntime/7.51.1"
2026-02-23T17:31:11.401Z [[32minfo[39m]: connected to database
2026-02-23T17:31:11.415Z [[32minfo[39m]: server running on port no. 3000
2026-02-23T17:31:16.125Z [[32minfo[39m]: ::1 - - [23/Feb/2026:17:31:16 +0000] "POST /api/v1/auth/register HTTP/1.1" 500 50 "-" "PostmanRuntime/7.51.1"
2026-02-23T17:58:46.775Z [[32minfo[39m]: connected to database
2026-02-23T17:58:46.789Z [[32minfo[39m]: server running on port no. 3000
2026-02-23T17:58:59.868Z [[32minfo[39m]: ::1 - - [23/Feb/2026:17:58:59 +0000] "POST /api/v1/auth/register HTTP/1.1" 409 65 "-" "PostmanRuntime/7.51.1"
2026-02-23T17:59:14.245Z [[32minfo[39m]: ::1 - - [23/Feb/2026:17:59:14 +0000] "POST /api/v1/auth/register HTTP/1.1" 409 65 "-" "PostmanRuntime/7.51.1"
2026-02-23T17:59:27.573Z [[32minfo[39m]: ::1 - - [23/Feb/2026:17:59:27 +0000] "POST /api/v1/auth/register HTTP/1.1" 200 492 "-" "PostmanRuntime/7.51.1"
2026-02-24T06:07:27.131Z [[32minfo[39m]: connected to database
2026-02-24T06:07:27.142Z [[32minfo[39m]: server running on port no. 3000
2026-02-24T06:09:36.782Z [[32minfo[39m]: connected to database
2026-02-24T06:09:36.793Z [[32minfo[39m]: server running on port no. 3000
2026-02-24T06:12:49.581Z [[32minfo[39m]: ::1 - - [24/Feb/2026:06:12:49 +0000] "POST /api/v1/auth/login HTTP/1.1" 401 49 "-" "PostmanRuntime/7.51.1"
2026-02-24T06:15:39.667Z [[32minfo[39m]: ::1 - - [24/Feb/2026:06:15:39 +0000] "POST /api/v1/auth/login HTTP/1.1" 401 49 "-" "PostmanRuntime/7.51.1"
2026-02-24T06:18:09.617Z [[32minfo[39m]: ::1 - - [24/Feb/2026:06:18:09 +0000] "POST /api/v1/auth/register HTTP/1.1" 201 513 "-" "PostmanRuntime/7.51.1"
2026-02-24T06:20:02.054Z [[32minfo[39m]: ::1 - - [24/Feb/2026:06:20:02 +0000] "POST /api/v1/auth/register HTTP/1.1" 409 65 "-" "PostmanRuntime/7.51.1"
2026-02-24T06:20:20.369Z [[32minfo[39m]: ::1 - - [24/Feb/2026:06:20:20 +0000] "POST /api/v1/auth/register HTTP/1.1" 200 505 "-" "PostmanRuntime/7.51.1"
2026-02-24T06:22:01.444Z [[32minfo[39m]: ::1 - - [24/Feb/2026:06:22:01 +0000] "POST /api/v1/auth/verifyOtp HTTP/1.1" 400 41 "-" "PostmanRuntime/7.51.1"
2026-02-24T06:25:55.448Z [[32minfo[39m]: ::1 - - [24/Feb/2026:06:25:55 +0000] "POST /api/v1/auth/verifyOtp HTTP/1.1" 400 41 "-" "PostmanRuntime/7.51.1"
2026-02-24T06:28:20.050Z [[32minfo[39m]: ::1 - - [24/Feb/2026:06:28:20 +0000] "POST /api/v1/auth/register HTTP/1.1" 200 505 "-" "PostmanRuntime/7.51.1"
2026-02-24T06:28:41.964Z [[32minfo[39m]: ::1 - - [24/Feb/2026:06:28:41 +0000] "POST /api/v1/auth/verifyOtp HTTP/1.1" 400 41 "-" "PostmanRuntime/7.51.1"
2026-02-24T06:29:07.621Z [[32minfo[39m]: ::1 - - [24/Feb/2026:06:29:07 +0000] "POST /api/v1/auth/verifyOtp HTTP/1.1" 200 58 "-" "PostmanRuntime/7.51.1"
2026-02-24T06:29:18.656Z [[32minfo[39m]: ::1 - - [24/Feb/2026:06:29:18 +0000] "POST /api/v1/auth/login HTTP/1.1" 400 47 "-" "PostmanRuntime/7.51.1"
2026-02-24T06:29:30.076Z [[32minfo[39m]: ::1 - - [24/Feb/2026:06:29:30 +0000] "POST /api/v1/auth/login HTTP/1.1" 200 444 "-" "PostmanRuntime/7.51.1"
2026-02-24T06:29:57.136Z [[32minfo[39m]: ::1 - - [24/Feb/2026:06:29:57 +0000] "POST /api/v1/auth/resendOtp HTTP/1.1" 400 51 "-" "PostmanRuntime/7.51.1"
2026-02-25T17:17:14.014Z [[31merror[39m]: error:  Server selection timed out after 30000 ms
2026-02-25T17:18:55.571Z [[32minfo[39m]: connected to database
2026-02-25T17:18:55.593Z [[32minfo[39m]: server running on port no. 3000
2026-02-25T17:19:02.476Z [[32minfo[39m]: ::1 - - [25/Feb/2026:17:19:02 +0000] "POST /api/v1/auth/register HTTP/1.1" 409 64 "-" "PostmanRuntime/7.51.1"
2026-02-25T17:20:03.437Z [[32minfo[39m]: ::1 - - [25/Feb/2026:17:20:03 +0000] "POST /api/v1/auth/register HTTP/1.1" 409 64 "-" "PostmanRuntime/7.51.1"
2026-02-25T17:23:13.713Z [[32minfo[39m]: connected to database
2026-02-25T17:23:13.733Z [[32minfo[39m]: server running on port no. 3000
2026-02-25T17:23:24.252Z [[32minfo[39m]: ::1 - - [25/Feb/2026:17:23:24 +0000] "POST /api/v1/auth/register HTTP/1.1" 200 506 "-" "PostmanRuntime/7.51.1"
2026-02-25T17:24:35.621Z [[32minfo[39m]: ::1 - - [25/Feb/2026:17:24:35 +0000] "POST /api/v1/auth/register HTTP/1.1" 201 514 "-" "PostmanRuntime/7.51.1"
2026-02-25T17:30:38.652Z [[32minfo[39m]: ::1 - - [25/Feb/2026:17:30:38 +0000] "POST /api/v1/auth/register HTTP/1.1" 409 65 "-" "PostmanRuntime/7.51.1"
2026-02-25T17:32:19.502Z [[32minfo[39m]: ::1 - - [25/Feb/2026:17:32:19 +0000] "POST /api/v1/auth/register HTTP/1.1" 409 65 "-" "PostmanRuntime/7.51.1"
2026-02-25T17:33:41.549Z [[32minfo[39m]: ::1 - - [25/Feb/2026:17:33:41 +0000] "POST /api/v1/auth/register HTTP/1.1" 409 65 "-" "PostmanRuntime/7.51.1"
2026-02-25T17:34:26.334Z [[32minfo[39m]: connected to database
2026-02-25T17:34:26.351Z [[32minfo[39m]: server running on port no. 3000
2026-02-25T17:34:33.490Z [[32minfo[39m]: ::1 - - [25/Feb/2026:17:34:33 +0000] "POST /api/v1/auth/register HTTP/1.1" 409 64 "-" "PostmanRuntime/7.51.1"
2026-02-25T17:36:52.415Z [[32minfo[39m]: ::1 - - [25/Feb/2026:17:36:52 +0000] "POST /api/v1/auth/register HTTP/1.1" 200 506 "-" "PostmanRuntime/7.51.1"
2026-02-25T17:37:38.797Z [[32minfo[39m]: ::1 - - [25/Feb/2026:17:37:38 +0000] "POST /api/v1/auth/register HTTP/1.1" 409 64 "-" "PostmanRuntime/7.51.1"
2026-02-25T17:38:01.449Z [[32minfo[39m]: ::1 - - [25/Feb/2026:17:38:01 +0000] "POST /api/v1/auth/register HTTP/1.1" 409 65 "-" "PostmanRuntime/7.51.1"
2026-02-26T17:02:49.510Z [[32minfo[39m]: connected to database
2026-02-26T17:02:49.534Z [[32minfo[39m]: server running on port no. 3000
2026-02-26T17:06:46.615Z [[32minfo[39m]: ::1 - - [26/Feb/2026:17:06:46 +0000] "POST /api/v1/auth/register HTTP/1.1" 201 513 "-" "PostmanRuntime/7.51.1"
2026-02-26T17:07:07.534Z [[32minfo[39m]: ::1 - - [26/Feb/2026:17:07:07 +0000] "POST /api/v1/auth/register HTTP/1.1" 200 505 "-" "PostmanRuntime/7.51.1"
2026-02-26T17:08:18.394Z [[32minfo[39m]: ::1 - - [26/Feb/2026:17:08:18 +0000] "POST /api/v1/auth/verifyOtp HTTP/1.1" 401 63 "-" "PostmanRuntime/7.51.1"
2026-02-26T17:09:10.616Z [[32minfo[39m]: ::1 - - [26/Feb/2026:17:09:10 +0000] "POST /api/v1/auth/verifyOtp HTTP/1.1" 500 49 "-" "PostmanRuntime/7.51.1"
2026-02-26T17:14:16.434Z [[32minfo[39m]: ::1 - - [26/Feb/2026:17:14:16 +0000] "POST /api/v1/auth/verifyOtp HTTP/1.1" 200 58 "-" "PostmanRuntime/7.51.1"
2026-02-26T17:15:52.429Z [[32minfo[39m]: ::1 - - [26/Feb/2026:17:15:52 +0000] "POST /api/v1/auth/register HTTP/1.1" 409 64 "-" "PostmanRuntime/7.51.1"
2026-02-26T17:16:02.365Z [[32minfo[39m]: ::1 - - [26/Feb/2026:17:16:02 +0000] "POST /api/v1/auth/register HTTP/1.1" 409 64 "-" "PostmanRuntime/7.51.1"
2026-02-26T18:10:35.002Z [[32minfo[39m]: connected to database
2026-02-26T18:10:35.018Z [[32minfo[39m]: server running on port no. 3000
2026-02-26T18:10:40.776Z [[32minfo[39m]: ::1 - - [26/Feb/2026:18:10:40 +0000] "POST /api/v1/auth/login HTTP/1.1" 401 62 "-" "PostmanRuntime/7.51.1"
2026-02-26T18:10:59.129Z [[32minfo[39m]: ::1 - - [26/Feb/2026:18:10:59 +0000] "POST /api/v1/auth/login HTTP/1.1" 400 50 "-" "PostmanRuntime/7.51.1"
2026-02-26T18:11:16.937Z [[32minfo[39m]: ::1 - - [26/Feb/2026:18:11:16 +0000] "POST /api/v1/auth/login HTTP/1.1" 200 444 "-" "PostmanRuntime/7.51.1"
2026-02-26T18:11:26.372Z [[32minfo[39m]: ::1 - - [26/Feb/2026:18:11:26 +0000] "POST /api/v1/auth/login HTTP/1.1" 401 49 "-" "PostmanRuntime/7.51.1"
2026-02-26T18:11:47.026Z [[32minfo[39m]: ::1 - - [26/Feb/2026:18:11:47 +0000] "POST /api/v1/auth/login HTTP/1.1" 401 62 "-" "PostmanRuntime/7.51.1"
2026-02-26T18:17:15.821Z [[32minfo[39m]: ::1 - - [26/Feb/2026:18:17:15 +0000] "POST /api/v1/auth/register HTTP/1.1" 409 65 "-" "PostmanRuntime/7.51.1"
2026-02-26T18:17:40.883Z [[32minfo[39m]: ::1 - - [26/Feb/2026:18:17:40 +0000] "POST /api/v1/auth/register HTTP/1.1" 201 514 "-" "PostmanRuntime/7.51.1"
2026-02-26T18:18:09.169Z [[32minfo[39m]: ::1 - - [26/Feb/2026:18:18:09 +0000] "POST /api/v1/auth/login HTTP/1.1" 403 62 "-" "PostmanRuntime/7.51.1"
2026-02-26T18:55:42.123Z [[32minfo[39m]: ::1 - - [26/Feb/2026:18:55:42 +0000] "POST /api/v1/auth/login HTTP/1.1" 403 62 "-" "PostmanRuntime/7.51.1"
2026-02-26T18:55:49.305Z [[32minfo[39m]: ::1 - - [26/Feb/2026:18:55:49 +0000] "POST /api/v1/auth/login HTTP/1.1" 200 444 "-" "PostmanRuntime/7.51.1"
2026-02-26T18:55:58.663Z [[32minfo[39m]: ::1 - - [26/Feb/2026:18:55:58 +0000] "POST /api/v1/auth/login HTTP/1.1" 401 62 "-" "PostmanRuntime/7.51.1"
